2022-07-25 00:06:57.751  INFO 62921 --- [Thread-5] j.LocalContainerEntityManagerFactoryBean : Closing JPA EntityManagerFactory for persistence unit 'default'
2022-07-25 00:06:57.757  INFO 62921 --- [Thread-5] com.zaxxer.hikari.HikariDataSource       : HikariPool-1 - Shutdown initiated...
2022-07-25 00:06:57.771  INFO 62921 --- [Thread-5] com.zaxxer.hikari.HikariDataSource       : HikariPool-1 - Shutdown completed.
2022-07-25 00:06:58.031  INFO 62921 --- [restartedMain] com.mb.SpringBootECommerceApplication    : Starting SpringBootECommerceApplication using Java 17.0.2 on mindbowser with PID 62921 (/home/mindbowser/Documents/workspace-spring-tool-suite-4-4.14.1.RELEASE/Spring-boot--E-Commerce-Application/target/classes started by mindbowser in /home/mindbowser/Documents/workspace-spring-tool-suite-4-4.14.1.RELEASE/Spring-boot--E-Commerce-Application)
2022-07-25 00:06:58.032  INFO 62921 --- [restartedMain] com.mb.SpringBootECommerceApplication    : No active profile set, falling back to 1 default profile: "default"
2022-07-25 00:06:58.290  INFO 62921 --- [restartedMain] .s.d.r.c.RepositoryConfigurationDelegate : Bootstrapping Spring Data JPA repositories in DEFAULT mode.
2022-07-25 00:06:58.305  INFO 62921 --- [restartedMain] .s.d.r.c.RepositoryConfigurationDelegate : Finished Spring Data repository scanning in 14 ms. Found 3 JPA repository interfaces.
2022-07-25 00:06:58.469  INFO 62921 --- [restartedMain] o.s.b.w.embedded.tomcat.TomcatWebServer  : Tomcat initialized with port(s): 9091 (http)
2022-07-25 00:06:58.470  INFO 62921 --- [restartedMain] o.apache.catalina.core.StandardService   : Starting service [Tomcat]
2022-07-25 00:06:58.471  INFO 62921 --- [restartedMain] org.apache.catalina.core.StandardEngine  : Starting Servlet engine: [Apache Tomcat/9.0.64]
2022-07-25 00:06:58.479  INFO 62921 --- [restartedMain] o.a.c.c.C.[Tomcat].[localhost].[/]       : Initializing Spring embedded WebApplicationContext
2022-07-25 00:06:58.479  INFO 62921 --- [restartedMain] w.s.c.ServletWebServerApplicationContext : Root WebApplicationContext: initialization completed in 442 ms
2022-07-25 00:06:58.550  WARN 62921 --- [restartedMain] JpaBaseConfiguration$JpaWebConfiguration : spring.jpa.open-in-view is enabled by default. Therefore, database queries may be performed during view rendering. Explicitly configure spring.jpa.open-in-view to disable this warning
2022-07-25 00:06:58.592  INFO 62921 --- [restartedMain] com.zaxxer.hikari.HikariDataSource       : HikariPool-2 - Starting...
2022-07-25 00:06:58.598  INFO 62921 --- [restartedMain] com.zaxxer.hikari.HikariDataSource       : HikariPool-2 - Start completed.
2022-07-25 00:06:58.714  INFO 62921 --- [restartedMain] j.LocalContainerEntityManagerFactoryBean : Initialized JPA EntityManagerFactory for persistence unit 'default'
2022-07-25 00:06:59.699  INFO 62921 --- [restartedMain] o.s.s.web.DefaultSecurityFilterChain     : Will secure any request with [org.springframework.security.web.session.DisableEncodeUrlFilter@1a9ed75a, org.springframework.security.web.context.request.async.WebAsyncManagerIntegrationFilter@1b33c71b, org.springframework.security.web.context.SecurityContextPersistenceFilter@771a011c, org.springframework.security.web.header.HeaderWriterFilter@4ec14727, org.springframework.web.filter.CorsFilter@78721a57, org.springframework.security.web.authentication.logout.LogoutFilter@1fb43f03, com.mb.jwtUtil.AuthTokenFilter@15cb821a, org.springframework.security.web.savedrequest.RequestCacheAwareFilter@41f13526, org.springframework.security.web.servletapi.SecurityContextHolderAwareRequestFilter@54dba40, org.springframework.security.web.authentication.AnonymousAuthenticationFilter@70e3f098, org.springframework.security.web.session.SessionManagementFilter@10b5a887, org.springframework.security.web.access.ExceptionTranslationFilter@1664173e, org.springframework.security.web.access.intercept.FilterSecurityInterceptor@48b8143d]
2022-07-25 00:06:59.923  INFO 62921 --- [restartedMain] o.s.b.d.a.OptionalLiveReloadServer       : LiveReload server is running on port 35729
2022-07-25 00:06:59.944  INFO 62921 --- [restartedMain] o.s.b.w.embedded.tomcat.TomcatWebServer  : Tomcat started on port(s): 9091 (http) with context path ''
2022-07-25 00:06:59.951  INFO 62921 --- [restartedMain] com.mb.SpringBootECommerceApplication    : Started SpringBootECommerceApplication in 1.991 seconds (JVM running for 863.082)
2022-07-25 00:06:59.953  INFO 62921 --- [restartedMain] .ConditionEvaluationDeltaLoggingListener : Condition evaluation unchanged
2022-07-25 00:07:05.534  INFO 62921 --- [RMI TCP Connection(18)-127.0.0.1] inMXBeanRegistrar$SpringApplicationAdmin : Application shutdown requested.
2022-07-25 00:07:05.546  INFO 62921 --- [RMI TCP Connection(18)-127.0.0.1] j.LocalContainerEntityManagerFactoryBean : Closing JPA EntityManagerFactory for persistence unit 'default'
2022-07-25 00:07:05.547  INFO 62921 --- [RMI TCP Connection(18)-127.0.0.1] com.zaxxer.hikari.HikariDataSource       : HikariPool-2 - Shutdown initiated...
2022-07-25 00:07:05.556  INFO 62921 --- [RMI TCP Connection(18)-127.0.0.1] com.zaxxer.hikari.HikariDataSource       : HikariPool-2 - Shutdown completed.
2022-07-25 00:07:07.519  INFO 63691 --- [restartedMain] com.mb.SpringBootECommerceApplication    : Starting SpringBootECommerceApplication using Java 17.0.2 on mindbowser with PID 63691 (/home/mindbowser/Documents/workspace-spring-tool-suite-4-4.14.1.RELEASE/Spring-boot--E-Commerce-Application/target/classes started by mindbowser in /home/mindbowser/Documents/workspace-spring-tool-suite-4-4.14.1.RELEASE/Spring-boot--E-Commerce-Application)
2022-07-25 00:07:07.520  INFO 63691 --- [restartedMain] com.mb.SpringBootECommerceApplication    : No active profile set, falling back to 1 default profile: "default"
2022-07-25 00:07:07.577  INFO 63691 --- [restartedMain] .e.DevToolsPropertyDefaultsPostProcessor : Devtools property defaults active! Set 'spring.devtools.add-properties' to 'false' to disable
2022-07-25 00:07:07.578  INFO 63691 --- [restartedMain] .e.DevToolsPropertyDefaultsPostProcessor : For additional web related logging consider setting the 'logging.level.web' property to 'DEBUG'
2022-07-25 00:07:08.542  INFO 63691 --- [restartedMain] .s.d.r.c.RepositoryConfigurationDelegate : Bootstrapping Spring Data JPA repositories in DEFAULT mode.
2022-07-25 00:07:08.614  INFO 63691 --- [restartedMain] .s.d.r.c.RepositoryConfigurationDelegate : Finished Spring Data repository scanning in 63 ms. Found 3 JPA repository interfaces.
2022-07-25 00:07:09.343  INFO 63691 --- [restartedMain] o.s.b.w.embedded.tomcat.TomcatWebServer  : Tomcat initialized with port(s): 9091 (http)
2022-07-25 00:07:09.352  INFO 63691 --- [restartedMain] o.apache.catalina.core.StandardService   : Starting service [Tomcat]
2022-07-25 00:07:09.352  INFO 63691 --- [restartedMain] org.apache.catalina.core.StandardEngine  : Starting Servlet engine: [Apache Tomcat/9.0.64]
2022-07-25 00:07:09.401  INFO 63691 --- [restartedMain] o.a.c.c.C.[Tomcat].[localhost].[/]       : Initializing Spring embedded WebApplicationContext
2022-07-25 00:07:09.401  INFO 63691 --- [restartedMain] w.s.c.ServletWebServerApplicationContext : Root WebApplicationContext: initialization completed in 1823 ms
2022-07-25 00:07:09.581  WARN 63691 --- [restartedMain] JpaBaseConfiguration$JpaWebConfiguration : spring.jpa.open-in-view is enabled by default. Therefore, database queries may be performed during view rendering. Explicitly configure spring.jpa.open-in-view to disable this warning
2022-07-25 00:07:09.919  INFO 63691 --- [restartedMain] com.zaxxer.hikari.HikariDataSource       : HikariPool-1 - Starting...
2022-07-25 00:07:10.057  INFO 63691 --- [restartedMain] com.zaxxer.hikari.HikariDataSource       : HikariPool-1 - Start completed.
2022-07-25 00:07:10.931  INFO 63691 --- [restartedMain] j.LocalContainerEntityManagerFactoryBean : Initialized JPA EntityManagerFactory for persistence unit 'default'
2022-07-25 00:07:12.544  INFO 63691 --- [restartedMain] o.s.s.web.DefaultSecurityFilterChain     : Will secure any request with [org.springframework.security.web.session.DisableEncodeUrlFilter@328ca6d5, org.springframework.security.web.context.request.async.WebAsyncManagerIntegrationFilter@4bd628a3, org.springframework.security.web.context.SecurityContextPersistenceFilter@2b1d209d, org.springframework.security.web.header.HeaderWriterFilter@3f79b38e, org.springframework.web.filter.CorsFilter@6d66fe6, org.springframework.security.web.authentication.logout.LogoutFilter@7e86c3bc, com.mb.jwtUtil.AuthTokenFilter@396547b5, org.springframework.security.web.savedrequest.RequestCacheAwareFilter@956eb9a, org.springframework.security.web.servletapi.SecurityContextHolderAwareRequestFilter@5d00b4db, org.springframework.security.web.authentication.AnonymousAuthenticationFilter@7ac99220, org.springframework.security.web.session.SessionManagementFilter@2d9ea92a, org.springframework.security.web.access.ExceptionTranslationFilter@33399c1, org.springframework.security.web.access.intercept.FilterSecurityInterceptor@3de2f17d]
2022-07-25 00:07:12.878  INFO 63691 --- [restartedMain] o.s.b.d.a.OptionalLiveReloadServer       : LiveReload server is running on port 35729
2022-07-25 00:07:12.922  INFO 63691 --- [restartedMain] o.s.b.w.embedded.tomcat.TomcatWebServer  : Tomcat started on port(s): 9091 (http) with context path ''
2022-07-25 00:07:12.936  INFO 63691 --- [restartedMain] com.mb.SpringBootECommerceApplication    : Started SpringBootECommerceApplication in 5.846 seconds (JVM running for 6.695)
2022-07-25 00:07:18.866  INFO 63691 --- [http-nio-9091-exec-2] o.a.c.c.C.[Tomcat].[localhost].[/]       : Initializing Spring DispatcherServlet 'dispatcherServlet'
2022-07-25 00:07:18.867  INFO 63691 --- [http-nio-9091-exec-2] o.s.web.servlet.DispatcherServlet        : Initializing Servlet 'dispatcherServlet'
2022-07-25 00:07:18.869  INFO 63691 --- [http-nio-9091-exec-2] o.s.web.servlet.DispatcherServlet        : Completed initialization in 2 ms
2022-07-25 00:07:52.184 DEBUG 63691 --- [http-nio-9091-exec-3] org.hibernate.SQL                        : select product0_.id as id1_0_, product0_.created_by as created_2_0_, product0_.created_date as created_3_0_, product0_.last_modified_by as last_mod4_0_, product0_.last_modified_date as last_mod5_0_, product0_.brand_name as brand_na6_0_, product0_.category as category7_0_, product0_.description as descript8_0_, product0_.model_no as model_no9_0_, product0_.price as price10_0_, product0_.product_name as product11_0_, product0_.qty as qty12_0_ from product product0_ where concat(product0_.product_name, product0_.category, product0_.brand_name) like ?
2022-07-25 00:07:52.187 TRACE 63691 --- [http-nio-9091-exec-3] o.h.type.descriptor.sql.BasicBinder      : binding parameter [1] as [VARCHAR] - [%lg%]
2022-07-25 00:10:59.259 DEBUG 63691 --- [http-nio-9091-exec-5] org.hibernate.SQL                        : select product0_.id as id1_0_, product0_.created_by as created_2_0_, product0_.created_date as created_3_0_, product0_.last_modified_by as last_mod4_0_, product0_.last_modified_date as last_mod5_0_, product0_.brand_name as brand_na6_0_, product0_.category as category7_0_, product0_.description as descript8_0_, product0_.model_no as model_no9_0_, product0_.price as price10_0_, product0_.product_name as product11_0_, product0_.qty as qty12_0_ from product product0_ where concat(product0_.product_name, product0_.category, product0_.brand_name) like ?
2022-07-25 00:10:59.260 TRACE 63691 --- [http-nio-9091-exec-5] o.h.type.descriptor.sql.BasicBinder      : binding parameter [1] as [VARCHAR] - [%tv%]
2022-07-25 00:11:09.112 DEBUG 63691 --- [http-nio-9091-exec-7] org.hibernate.SQL                        : select product0_.id as id1_0_, product0_.created_by as created_2_0_, product0_.created_date as created_3_0_, product0_.last_modified_by as last_mod4_0_, product0_.last_modified_date as last_mod5_0_, product0_.brand_name as brand_na6_0_, product0_.category as category7_0_, product0_.description as descript8_0_, product0_.model_no as model_no9_0_, product0_.price as price10_0_, product0_.product_name as product11_0_, product0_.qty as qty12_0_ from product product0_ where concat(product0_.product_name, product0_.category, product0_.brand_name) like ?
2022-07-25 00:11:09.113 TRACE 63691 --- [http-nio-9091-exec-7] o.h.type.descriptor.sql.BasicBinder      : binding parameter [1] as [VARCHAR] - [%tablet%]
2022-07-25 00:16:54.094  INFO 63691 --- [Thread-5] j.LocalContainerEntityManagerFactoryBean : Closing JPA EntityManagerFactory for persistence unit 'default'
2022-07-25 00:16:54.097  INFO 63691 --- [Thread-5] com.zaxxer.hikari.HikariDataSource       : HikariPool-1 - Shutdown initiated...
2022-07-25 00:16:54.105  INFO 63691 --- [Thread-5] com.zaxxer.hikari.HikariDataSource       : HikariPool-1 - Shutdown completed.
2022-07-25 00:16:54.234  INFO 63691 --- [restartedMain] com.mb.SpringBootECommerceApplication    : Starting SpringBootECommerceApplication using Java 17.0.2 on mindbowser with PID 63691 (/home/mindbowser/Documents/workspace-spring-tool-suite-4-4.14.1.RELEASE/Spring-boot--E-Commerce-Application/target/classes started by mindbowser in /home/mindbowser/Documents/workspace-spring-tool-suite-4-4.14.1.RELEASE/Spring-boot--E-Commerce-Application)
2022-07-25 00:16:54.234  INFO 63691 --- [restartedMain] com.mb.SpringBootECommerceApplication    : No active profile set, falling back to 1 default profile: "default"
2022-07-25 00:16:54.496  INFO 63691 --- [restartedMain] .s.d.r.c.RepositoryConfigurationDelegate : Bootstrapping Spring Data JPA repositories in DEFAULT mode.
2022-07-25 00:16:54.512  INFO 63691 --- [restartedMain] .s.d.r.c.RepositoryConfigurationDelegate : Finished Spring Data repository scanning in 15 ms. Found 3 JPA repository interfaces.
2022-07-25 00:16:54.674  INFO 63691 --- [restartedMain] o.s.b.w.embedded.tomcat.TomcatWebServer  : Tomcat initialized with port(s): 9091 (http)
2022-07-25 00:16:54.675  INFO 63691 --- [restartedMain] o.apache.catalina.core.StandardService   : Starting service [Tomcat]
2022-07-25 00:16:54.675  INFO 63691 --- [restartedMain] org.apache.catalina.core.StandardEngine  : Starting Servlet engine: [Apache Tomcat/9.0.64]
2022-07-25 00:16:54.685  INFO 63691 --- [restartedMain] o.a.c.c.C.[Tomcat].[localhost].[/]       : Initializing Spring embedded WebApplicationContext
2022-07-25 00:16:54.685  INFO 63691 --- [restartedMain] w.s.c.ServletWebServerApplicationContext : Root WebApplicationContext: initialization completed in 448 ms
2022-07-25 00:16:54.762  WARN 63691 --- [restartedMain] JpaBaseConfiguration$JpaWebConfiguration : spring.jpa.open-in-view is enabled by default. Therefore, database queries may be performed during view rendering. Explicitly configure spring.jpa.open-in-view to disable this warning
2022-07-25 00:16:54.802  INFO 63691 --- [restartedMain] com.zaxxer.hikari.HikariDataSource       : HikariPool-2 - Starting...
2022-07-25 00:16:54.806  INFO 63691 --- [restartedMain] com.zaxxer.hikari.HikariDataSource       : HikariPool-2 - Start completed.
2022-07-25 00:16:54.916  INFO 63691 --- [restartedMain] j.LocalContainerEntityManagerFactoryBean : Initialized JPA EntityManagerFactory for persistence unit 'default'
2022-07-25 00:16:55.617  INFO 63691 --- [restartedMain] o.s.s.web.DefaultSecurityFilterChain     : Will secure any request with [org.springframework.security.web.session.DisableEncodeUrlFilter@413dc643, org.springframework.security.web.context.request.async.WebAsyncManagerIntegrationFilter@4e76e7c, org.springframework.security.web.context.SecurityContextPersistenceFilter@452fa8b4, org.springframework.security.web.header.HeaderWriterFilter@381d393e, org.springframework.web.filter.CorsFilter@51d1dec9, org.springframework.security.web.authentication.logout.LogoutFilter@5ce99ff7, com.mb.jwtUtil.AuthTokenFilter@18d304e5, org.springframework.security.web.savedrequest.RequestCacheAwareFilter@36469159, org.springframework.security.web.servletapi.SecurityContextHolderAwareRequestFilter@67439a66, org.springframework.security.web.authentication.AnonymousAuthenticationFilter@49eb5cba, org.springframework.security.web.session.SessionManagementFilter@4c19ec5e, org.springframework.security.web.access.ExceptionTranslationFilter@7e01a373, org.springframework.security.web.access.intercept.FilterSecurityInterceptor@313522f3]
2022-07-25 00:16:55.790  INFO 63691 --- [restartedMain] o.s.b.d.a.OptionalLiveReloadServer       : LiveReload server is running on port 35729
2022-07-25 00:16:55.812  INFO 63691 --- [restartedMain] o.s.b.w.embedded.tomcat.TomcatWebServer  : Tomcat started on port(s): 9091 (http) with context path ''
2022-07-25 00:16:55.817  INFO 63691 --- [restartedMain] com.mb.SpringBootECommerceApplication    : Started SpringBootECommerceApplication in 1.621 seconds (JVM running for 589.576)
2022-07-25 00:16:55.820  INFO 63691 --- [restartedMain] .ConditionEvaluationDeltaLoggingListener : Condition evaluation unchanged
2022-07-25 00:17:24.237  INFO 63691 --- [Thread-7] j.LocalContainerEntityManagerFactoryBean : Closing JPA EntityManagerFactory for persistence unit 'default'
2022-07-25 00:17:24.238  INFO 63691 --- [Thread-7] com.zaxxer.hikari.HikariDataSource       : HikariPool-2 - Shutdown initiated...
2022-07-25 00:17:24.241  INFO 63691 --- [Thread-7] com.zaxxer.hikari.HikariDataSource       : HikariPool-2 - Shutdown completed.
2022-07-25 00:17:24.321  INFO 63691 --- [restartedMain] com.mb.SpringBootECommerceApplication    : Starting SpringBootECommerceApplication using Java 17.0.2 on mindbowser with PID 63691 (/home/mindbowser/Documents/workspace-spring-tool-suite-4-4.14.1.RELEASE/Spring-boot--E-Commerce-Application/target/classes started by mindbowser in /home/mindbowser/Documents/workspace-spring-tool-suite-4-4.14.1.RELEASE/Spring-boot--E-Commerce-Application)
2022-07-25 00:17:24.321  INFO 63691 --- [restartedMain] com.mb.SpringBootECommerceApplication    : No active profile set, falling back to 1 default profile: "default"
2022-07-25 00:17:24.492  INFO 63691 --- [restartedMain] .s.d.r.c.RepositoryConfigurationDelegate : Bootstrapping Spring Data JPA repositories in DEFAULT mode.
2022-07-25 00:17:24.502  INFO 63691 --- [restartedMain] .s.d.r.c.RepositoryConfigurationDelegate : Finished Spring Data repository scanning in 10 ms. Found 3 JPA repository interfaces.
2022-07-25 00:17:24.632  INFO 63691 --- [restartedMain] o.s.b.w.embedded.tomcat.TomcatWebServer  : Tomcat initialized with port(s): 9091 (http)
2022-07-25 00:17:24.633  INFO 63691 --- [restartedMain] o.apache.catalina.core.StandardService   : Starting service [Tomcat]
2022-07-25 00:17:24.633  INFO 63691 --- [restartedMain] org.apache.catalina.core.StandardEngine  : Starting Servlet engine: [Apache Tomcat/9.0.64]
2022-07-25 00:17:24.643  INFO 63691 --- [restartedMain] o.a.c.c.C.[Tomcat].[localhost].[/]       : Initializing Spring embedded WebApplicationContext
2022-07-25 00:17:24.643  INFO 63691 --- [restartedMain] w.s.c.ServletWebServerApplicationContext : Root WebApplicationContext: initialization completed in 320 ms
2022-07-25 00:17:24.710  WARN 63691 --- [restartedMain] JpaBaseConfiguration$JpaWebConfiguration : spring.jpa.open-in-view is enabled by default. Therefore, database queries may be performed during view rendering. Explicitly configure spring.jpa.open-in-view to disable this warning
2022-07-25 00:17:24.752  INFO 63691 --- [restartedMain] com.zaxxer.hikari.HikariDataSource       : HikariPool-3 - Starting...
2022-07-25 00:17:24.758  INFO 63691 --- [restartedMain] com.zaxxer.hikari.HikariDataSource       : HikariPool-3 - Start completed.
2022-07-25 00:17:24.846  INFO 63691 --- [restartedMain] j.LocalContainerEntityManagerFactoryBean : Initialized JPA EntityManagerFactory for persistence unit 'default'
2022-07-25 00:17:25.442  INFO 63691 --- [restartedMain] o.s.s.web.DefaultSecurityFilterChain     : Will secure any request with [org.springframework.security.web.session.DisableEncodeUrlFilter@2daf7dfa, org.springframework.security.web.context.request.async.WebAsyncManagerIntegrationFilter@f121952, org.springframework.security.web.context.SecurityContextPersistenceFilter@23e6412f, org.springframework.security.web.header.HeaderWriterFilter@6b5fa60f, org.springframework.web.filter.CorsFilter@432f4745, org.springframework.security.web.authentication.logout.LogoutFilter@2d41d5e2, com.mb.jwtUtil.AuthTokenFilter@61bae2dd, org.springframework.security.web.savedrequest.RequestCacheAwareFilter@188e20ca, org.springframework.security.web.servletapi.SecurityContextHolderAwareRequestFilter@e77920a, org.springframework.security.web.authentication.AnonymousAuthenticationFilter@24c41a5a, org.springframework.security.web.session.SessionManagementFilter@13942dca, org.springframework.security.web.access.ExceptionTranslationFilter@29225e3f, org.springframework.security.web.access.intercept.FilterSecurityInterceptor@6d0151b3]
2022-07-25 00:17:25.573  INFO 63691 --- [restartedMain] o.s.b.d.a.OptionalLiveReloadServer       : LiveReload server is running on port 35729
2022-07-25 00:17:25.588  INFO 63691 --- [restartedMain] o.s.b.w.embedded.tomcat.TomcatWebServer  : Tomcat started on port(s): 9091 (http) with context path ''
2022-07-25 00:17:25.594  INFO 63691 --- [restartedMain] com.mb.SpringBootECommerceApplication    : Started SpringBootECommerceApplication in 1.295 seconds (JVM running for 619.352)
2022-07-25 00:17:25.595  INFO 63691 --- [restartedMain] .ConditionEvaluationDeltaLoggingListener : Condition evaluation unchanged
2022-07-25 00:23:40.480  INFO 63691 --- [Thread-11] j.LocalContainerEntityManagerFactoryBean : Closing JPA EntityManagerFactory for persistence unit 'default'
2022-07-25 00:23:40.480  INFO 63691 --- [Thread-11] com.zaxxer.hikari.HikariDataSource       : HikariPool-3 - Shutdown initiated...
2022-07-25 00:23:40.482  INFO 63691 --- [Thread-11] com.zaxxer.hikari.HikariDataSource       : HikariPool-3 - Shutdown completed.
2022-07-25 00:23:40.566  INFO 63691 --- [restartedMain] com.mb.SpringBootECommerceApplication    : Starting SpringBootECommerceApplication using Java 17.0.2 on mindbowser with PID 63691 (/home/mindbowser/Documents/workspace-spring-tool-suite-4-4.14.1.RELEASE/Spring-boot--E-Commerce-Application/target/classes started by mindbowser in /home/mindbowser/Documents/workspace-spring-tool-suite-4-4.14.1.RELEASE/Spring-boot--E-Commerce-Application)
2022-07-25 00:23:40.566  INFO 63691 --- [restartedMain] com.mb.SpringBootECommerceApplication    : No active profile set, falling back to 1 default profile: "default"
2022-07-25 00:23:40.843  INFO 63691 --- [restartedMain] .s.d.r.c.RepositoryConfigurationDelegate : Bootstrapping Spring Data JPA repositories in DEFAULT mode.
2022-07-25 00:23:40.858  INFO 63691 --- [restartedMain] .s.d.r.c.RepositoryConfigurationDelegate : Finished Spring Data repository scanning in 13 ms. Found 3 JPA repository interfaces.
2022-07-25 00:23:40.983  INFO 63691 --- [restartedMain] o.s.b.w.embedded.tomcat.TomcatWebServer  : Tomcat initialized with port(s): 9091 (http)
2022-07-25 00:23:40.984  INFO 63691 --- [restartedMain] o.apache.catalina.core.StandardService   : Starting service [Tomcat]
2022-07-25 00:23:40.984  INFO 63691 --- [restartedMain] org.apache.catalina.core.StandardEngine  : Starting Servlet engine: [Apache Tomcat/9.0.64]
2022-07-25 00:23:40.992  INFO 63691 --- [restartedMain] o.a.c.c.C.[Tomcat].[localhost].[/]       : Initializing Spring embedded WebApplicationContext
2022-07-25 00:23:40.992  INFO 63691 --- [restartedMain] w.s.c.ServletWebServerApplicationContext : Root WebApplicationContext: initialization completed in 423 ms
2022-07-25 00:23:41.097  WARN 63691 --- [restartedMain] JpaBaseConfiguration$JpaWebConfiguration : spring.jpa.open-in-view is enabled by default. Therefore, database queries may be performed during view rendering. Explicitly configure spring.jpa.open-in-view to disable this warning
2022-07-25 00:23:41.160  INFO 63691 --- [restartedMain] com.zaxxer.hikari.HikariDataSource       : HikariPool-4 - Starting...
2022-07-25 00:23:41.163  INFO 63691 --- [restartedMain] com.zaxxer.hikari.HikariDataSource       : HikariPool-4 - Start completed.
2022-07-25 00:23:41.267 DEBUG 63691 --- [restartedMain] org.hibernate.SQL                        : create table cart (id bigint not null, primary key (id)) engine=InnoDB
2022-07-25 00:23:41.291 DEBUG 63691 --- [restartedMain] org.hibernate.SQL                        : alter table product add column cp_fk bigint
2022-07-25 00:23:41.313 DEBUG 63691 --- [restartedMain] org.hibernate.SQL                        : alter table product add constraint FKyx0tduam6q9kjp08afaqtmr5 foreign key (cp_fk) references cart (id)
2022-07-25 00:23:41.374  INFO 63691 --- [restartedMain] j.LocalContainerEntityManagerFactoryBean : Initialized JPA EntityManagerFactory for persistence unit 'default'
2022-07-25 00:23:42.117  INFO 63691 --- [restartedMain] o.s.s.web.DefaultSecurityFilterChain     : Will secure any request with [org.springframework.security.web.session.DisableEncodeUrlFilter@4d98f81a, org.springframework.security.web.context.request.async.WebAsyncManagerIntegrationFilter@47b55b6d, org.springframework.security.web.context.SecurityContextPersistenceFilter@44149900, org.springframework.security.web.header.HeaderWriterFilter@17139a54, org.springframework.web.filter.CorsFilter@59ff8e7, org.springframework.security.web.authentication.logout.LogoutFilter@170879dc, com.mb.jwtUtil.AuthTokenFilter@6081e2fb, org.springframework.security.web.savedrequest.RequestCacheAwareFilter@4bbf7a, org.springframework.security.web.servletapi.SecurityContextHolderAwareRequestFilter@b81441d, org.springframework.security.web.authentication.AnonymousAuthenticationFilter@58b8e6f5, org.springframework.security.web.session.SessionManagementFilter@d3e2ee0, org.springframework.security.web.access.ExceptionTranslationFilter@6ef55dcd, org.springframework.security.web.access.intercept.FilterSecurityInterceptor@3f1c4cc5]
2022-07-25 00:23:42.284  INFO 63691 --- [restartedMain] o.s.b.d.a.OptionalLiveReloadServer       : LiveReload server is running on port 35729
2022-07-25 00:23:42.304  INFO 63691 --- [restartedMain] o.s.b.w.embedded.tomcat.TomcatWebServer  : Tomcat started on port(s): 9091 (http) with context path ''
2022-07-25 00:23:42.310  INFO 63691 --- [restartedMain] com.mb.SpringBootECommerceApplication    : Started SpringBootECommerceApplication in 1.771 seconds (JVM running for 996.068)
2022-07-25 00:23:42.312  INFO 63691 --- [restartedMain] .ConditionEvaluationDeltaLoggingListener : Condition evaluation unchanged
2022-07-25 00:39:16.947  INFO 63691 --- [Thread-15] j.LocalContainerEntityManagerFactoryBean : Closing JPA EntityManagerFactory for persistence unit 'default'
2022-07-25 00:39:16.948  INFO 63691 --- [Thread-15] com.zaxxer.hikari.HikariDataSource       : HikariPool-4 - Shutdown initiated...
2022-07-25 00:39:16.952  INFO 63691 --- [Thread-15] com.zaxxer.hikari.HikariDataSource       : HikariPool-4 - Shutdown completed.
2022-07-25 00:39:17.043  INFO 63691 --- [restartedMain] com.mb.SpringBootECommerceApplication    : Starting SpringBootECommerceApplication using Java 17.0.2 on mindbowser with PID 63691 (/home/mindbowser/Documents/workspace-spring-tool-suite-4-4.14.1.RELEASE/Spring-boot--E-Commerce-Application/target/classes started by mindbowser in /home/mindbowser/Documents/workspace-spring-tool-suite-4-4.14.1.RELEASE/Spring-boot--E-Commerce-Application)
2022-07-25 00:39:17.043  INFO 63691 --- [restartedMain] com.mb.SpringBootECommerceApplication    : No active profile set, falling back to 1 default profile: "default"
2022-07-25 00:39:17.305  INFO 63691 --- [restartedMain] .s.d.r.c.RepositoryConfigurationDelegate : Bootstrapping Spring Data JPA repositories in DEFAULT mode.
2022-07-25 00:39:17.319  INFO 63691 --- [restartedMain] .s.d.r.c.RepositoryConfigurationDelegate : Finished Spring Data repository scanning in 13 ms. Found 3 JPA repository interfaces.
2022-07-25 00:39:17.492  INFO 63691 --- [restartedMain] o.s.b.w.embedded.tomcat.TomcatWebServer  : Tomcat initialized with port(s): 9091 (http)
2022-07-25 00:39:17.492  INFO 63691 --- [restartedMain] o.apache.catalina.core.StandardService   : Starting service [Tomcat]
2022-07-25 00:39:17.492  INFO 63691 --- [restartedMain] org.apache.catalina.core.StandardEngine  : Starting Servlet engine: [Apache Tomcat/9.0.64]
2022-07-25 00:39:17.501  INFO 63691 --- [restartedMain] o.a.c.c.C.[Tomcat].[localhost].[/]       : Initializing Spring embedded WebApplicationContext
2022-07-25 00:39:17.502  INFO 63691 --- [restartedMain] w.s.c.ServletWebServerApplicationContext : Root WebApplicationContext: initialization completed in 455 ms
2022-07-25 00:39:17.567  WARN 63691 --- [restartedMain] JpaBaseConfiguration$JpaWebConfiguration : spring.jpa.open-in-view is enabled by default. Therefore, database queries may be performed during view rendering. Explicitly configure spring.jpa.open-in-view to disable this warning
2022-07-25 00:39:17.610  INFO 63691 --- [restartedMain] com.zaxxer.hikari.HikariDataSource       : HikariPool-5 - Starting...
2022-07-25 00:39:17.616  INFO 63691 --- [restartedMain] com.zaxxer.hikari.HikariDataSource       : HikariPool-5 - Start completed.
2022-07-25 00:39:17.724  INFO 63691 --- [restartedMain] j.LocalContainerEntityManagerFactoryBean : Initialized JPA EntityManagerFactory for persistence unit 'default'
2022-07-25 00:39:18.651  INFO 63691 --- [restartedMain] o.s.s.web.DefaultSecurityFilterChain     : Will secure any request with [org.springframework.security.web.session.DisableEncodeUrlFilter@e6478cd, org.springframework.security.web.context.request.async.WebAsyncManagerIntegrationFilter@6a7b8068, org.springframework.security.web.context.SecurityContextPersistenceFilter@7de2a9ba, org.springframework.security.web.header.HeaderWriterFilter@17602bb6, org.springframework.web.filter.CorsFilter@3e190148, org.springframework.security.web.authentication.logout.LogoutFilter@2152495d, com.mb.jwtUtil.AuthTokenFilter@50237c65, org.springframework.security.web.savedrequest.RequestCacheAwareFilter@4fa8702c, org.springframework.security.web.servletapi.SecurityContextHolderAwareRequestFilter@5983cff4, org.springframework.security.web.authentication.AnonymousAuthenticationFilter@6165495b, org.springframework.security.web.session.SessionManagementFilter@2d27a43c, org.springframework.security.web.access.ExceptionTranslationFilter@528c1e94, org.springframework.security.web.access.intercept.FilterSecurityInterceptor@6fc61cac]
2022-07-25 00:39:18.825  INFO 63691 --- [restartedMain] o.s.b.d.a.OptionalLiveReloadServer       : LiveReload server is running on port 35729
2022-07-25 00:39:18.845  INFO 63691 --- [restartedMain] o.s.b.w.embedded.tomcat.TomcatWebServer  : Tomcat started on port(s): 9091 (http) with context path ''
2022-07-25 00:39:18.851  INFO 63691 --- [restartedMain] com.mb.SpringBootECommerceApplication    : Started SpringBootECommerceApplication in 1.837 seconds (JVM running for 1932.61)
2022-07-25 00:39:18.853  INFO 63691 --- [restartedMain] .ConditionEvaluationDeltaLoggingListener : Condition evaluation unchanged
2022-07-25 00:40:01.286  INFO 63691 --- [Thread-19] j.LocalContainerEntityManagerFactoryBean : Closing JPA EntityManagerFactory for persistence unit 'default'
2022-07-25 00:40:01.287  INFO 63691 --- [Thread-19] com.zaxxer.hikari.HikariDataSource       : HikariPool-5 - Shutdown initiated...
2022-07-25 00:40:01.288  INFO 63691 --- [Thread-19] com.zaxxer.hikari.HikariDataSource       : HikariPool-5 - Shutdown completed.
2022-07-25 00:40:01.372  INFO 63691 --- [restartedMain] com.mb.SpringBootECommerceApplication    : Starting SpringBootECommerceApplication using Java 17.0.2 on mindbowser with PID 63691 (/home/mindbowser/Documents/workspace-spring-tool-suite-4-4.14.1.RELEASE/Spring-boot--E-Commerce-Application/target/classes started by mindbowser in /home/mindbowser/Documents/workspace-spring-tool-suite-4-4.14.1.RELEASE/Spring-boot--E-Commerce-Application)
2022-07-25 00:40:01.372  INFO 63691 --- [restartedMain] com.mb.SpringBootECommerceApplication    : No active profile set, falling back to 1 default profile: "default"
2022-07-25 00:40:01.536  INFO 63691 --- [restartedMain] .s.d.r.c.RepositoryConfigurationDelegate : Bootstrapping Spring Data JPA repositories in DEFAULT mode.
2022-07-25 00:40:01.549  INFO 63691 --- [restartedMain] .s.d.r.c.RepositoryConfigurationDelegate : Finished Spring Data repository scanning in 12 ms. Found 3 JPA repository interfaces.
2022-07-25 00:40:01.665  INFO 63691 --- [restartedMain] o.s.b.w.embedded.tomcat.TomcatWebServer  : Tomcat initialized with port(s): 9091 (http)
2022-07-25 00:40:01.666  INFO 63691 --- [restartedMain] o.apache.catalina.core.StandardService   : Starting service [Tomcat]
2022-07-25 00:40:01.666  INFO 63691 --- [restartedMain] org.apache.catalina.core.StandardEngine  : Starting Servlet engine: [Apache Tomcat/9.0.64]
2022-07-25 00:40:01.674  INFO 63691 --- [restartedMain] o.a.c.c.C.[Tomcat].[localhost].[/]       : Initializing Spring embedded WebApplicationContext
2022-07-25 00:40:01.674  INFO 63691 --- [restartedMain] w.s.c.ServletWebServerApplicationContext : Root WebApplicationContext: initialization completed in 301 ms
2022-07-25 00:40:01.760  WARN 63691 --- [restartedMain] JpaBaseConfiguration$JpaWebConfiguration : spring.jpa.open-in-view is enabled by default. Therefore, database queries may be performed during view rendering. Explicitly configure spring.jpa.open-in-view to disable this warning
2022-07-25 00:40:01.801  INFO 63691 --- [restartedMain] com.zaxxer.hikari.HikariDataSource       : HikariPool-6 - Starting...
2022-07-25 00:40:01.804  INFO 63691 --- [restartedMain] com.zaxxer.hikari.HikariDataSource       : HikariPool-6 - Start completed.
2022-07-25 00:40:01.905  INFO 63691 --- [restartedMain] j.LocalContainerEntityManagerFactoryBean : Initialized JPA EntityManagerFactory for persistence unit 'default'
2022-07-25 00:40:02.622  INFO 63691 --- [restartedMain] o.s.s.web.DefaultSecurityFilterChain     : Will secure any request with [org.springframework.security.web.session.DisableEncodeUrlFilter@79d80d4, org.springframework.security.web.context.request.async.WebAsyncManagerIntegrationFilter@33f61bbf, org.springframework.security.web.context.SecurityContextPersistenceFilter@4050c5d4, org.springframework.security.web.header.HeaderWriterFilter@2e47b7a5, org.springframework.web.filter.CorsFilter@31cb56f5, org.springframework.security.web.authentication.logout.LogoutFilter@68c5e4ec, com.mb.jwtUtil.AuthTokenFilter@768807a1, org.springframework.security.web.savedrequest.RequestCacheAwareFilter@62b87931, org.springframework.security.web.servletapi.SecurityContextHolderAwareRequestFilter@7151105c, org.springframework.security.web.authentication.AnonymousAuthenticationFilter@5a0e7a83, org.springframework.security.web.session.SessionManagementFilter@3f0c1fe3, org.springframework.security.web.access.ExceptionTranslationFilter@557ef691, org.springframework.security.web.access.intercept.FilterSecurityInterceptor@d4ccc5b]
2022-07-25 00:40:02.752  INFO 63691 --- [restartedMain] o.s.b.d.a.OptionalLiveReloadServer       : LiveReload server is running on port 35729
2022-07-25 00:40:02.770  INFO 63691 --- [restartedMain] o.s.b.w.embedded.tomcat.TomcatWebServer  : Tomcat started on port(s): 9091 (http) with context path ''
2022-07-25 00:40:02.775  INFO 63691 --- [restartedMain] com.mb.SpringBootECommerceApplication    : Started SpringBootECommerceApplication in 1.43 seconds (JVM running for 1976.533)
2022-07-25 00:40:02.776  INFO 63691 --- [restartedMain] .ConditionEvaluationDeltaLoggingListener : Condition evaluation unchanged
2022-07-25 00:40:13.173  INFO 63691 --- [Thread-23] j.LocalContainerEntityManagerFactoryBean : Closing JPA EntityManagerFactory for persistence unit 'default'
2022-07-25 00:40:13.174  INFO 63691 --- [Thread-23] com.zaxxer.hikari.HikariDataSource       : HikariPool-6 - Shutdown initiated...
2022-07-25 00:40:13.175  INFO 63691 --- [Thread-23] com.zaxxer.hikari.HikariDataSource       : HikariPool-6 - Shutdown completed.
2022-07-25 00:40:13.253  INFO 63691 --- [restartedMain] com.mb.SpringBootECommerceApplication    : Starting SpringBootECommerceApplication using Java 17.0.2 on mindbowser with PID 63691 (/home/mindbowser/Documents/workspace-spring-tool-suite-4-4.14.1.RELEASE/Spring-boot--E-Commerce-Application/target/classes started by mindbowser in /home/mindbowser/Documents/workspace-spring-tool-suite-4-4.14.1.RELEASE/Spring-boot--E-Commerce-Application)
2022-07-25 00:40:13.253  INFO 63691 --- [restartedMain] com.mb.SpringBootECommerceApplication    : No active profile set, falling back to 1 default profile: "default"
2022-07-25 00:40:13.408  INFO 63691 --- [restartedMain] .s.d.r.c.RepositoryConfigurationDelegate : Bootstrapping Spring Data JPA repositories in DEFAULT mode.
2022-07-25 00:40:13.420  INFO 63691 --- [restartedMain] .s.d.r.c.RepositoryConfigurationDelegate : Finished Spring Data repository scanning in 11 ms. Found 3 JPA repository interfaces.
2022-07-25 00:40:13.525  INFO 63691 --- [restartedMain] o.s.b.w.embedded.tomcat.TomcatWebServer  : Tomcat initialized with port(s): 9091 (http)
2022-07-25 00:40:13.526  INFO 63691 --- [restartedMain] o.apache.catalina.core.StandardService   : Starting service [Tomcat]
2022-07-25 00:40:13.526  INFO 63691 --- [restartedMain] org.apache.catalina.core.StandardEngine  : Starting Servlet engine: [Apache Tomcat/9.0.64]
2022-07-25 00:40:13.534  INFO 63691 --- [restartedMain] o.a.c.c.C.[Tomcat].[localhost].[/]       : Initializing Spring embedded WebApplicationContext
2022-07-25 00:40:13.534  INFO 63691 --- [restartedMain] w.s.c.ServletWebServerApplicationContext : Root WebApplicationContext: initialization completed in 280 ms
2022-07-25 00:40:13.594  WARN 63691 --- [restartedMain] JpaBaseConfiguration$JpaWebConfiguration : spring.jpa.open-in-view is enabled by default. Therefore, database queries may be performed during view rendering. Explicitly configure spring.jpa.open-in-view to disable this warning
2022-07-25 00:40:13.640  INFO 63691 --- [restartedMain] com.zaxxer.hikari.HikariDataSource       : HikariPool-7 - Starting...
2022-07-25 00:40:13.643  INFO 63691 --- [restartedMain] com.zaxxer.hikari.HikariDataSource       : HikariPool-7 - Start completed.
2022-07-25 00:40:13.744  INFO 63691 --- [restartedMain] j.LocalContainerEntityManagerFactoryBean : Initialized JPA EntityManagerFactory for persistence unit 'default'
2022-07-25 00:40:14.398  INFO 63691 --- [restartedMain] o.s.s.web.DefaultSecurityFilterChain     : Will secure any request with [org.springframework.security.web.session.DisableEncodeUrlFilter@9b28e87, org.springframework.security.web.context.request.async.WebAsyncManagerIntegrationFilter@1a205f8a, org.springframework.security.web.context.SecurityContextPersistenceFilter@68d8c85c, org.springframework.security.web.header.HeaderWriterFilter@7c59e0ac, org.springframework.web.filter.CorsFilter@77e5c80e, org.springframework.security.web.authentication.logout.LogoutFilter@34e2757f, com.mb.jwtUtil.AuthTokenFilter@561546a2, org.springframework.security.web.savedrequest.RequestCacheAwareFilter@121d958a, org.springframework.security.web.servletapi.SecurityContextHolderAwareRequestFilter@21724be5, org.springframework.security.web.authentication.AnonymousAuthenticationFilter@4be6d020, org.springframework.security.web.session.SessionManagementFilter@40bf741e, org.springframework.security.web.access.ExceptionTranslationFilter@4d46ff22, org.springframework.security.web.access.intercept.FilterSecurityInterceptor@1bb4e16b]
2022-07-25 00:40:14.526  INFO 63691 --- [restartedMain] o.s.b.d.a.OptionalLiveReloadServer       : LiveReload server is running on port 35729
2022-07-25 00:40:14.554  INFO 63691 --- [restartedMain] o.s.b.w.embedded.tomcat.TomcatWebServer  : Tomcat started on port(s): 9091 (http) with context path ''
2022-07-25 00:40:14.559  INFO 63691 --- [restartedMain] com.mb.SpringBootECommerceApplication    : Started SpringBootECommerceApplication in 1.327 seconds (JVM running for 1988.318)
2022-07-25 00:40:14.560  INFO 63691 --- [restartedMain] .ConditionEvaluationDeltaLoggingListener : Condition evaluation unchanged
2022-07-25 00:40:38.976  INFO 63691 --- [Thread-27] j.LocalContainerEntityManagerFactoryBean : Closing JPA EntityManagerFactory for persistence unit 'default'
2022-07-25 00:40:38.976  INFO 63691 --- [Thread-27] com.zaxxer.hikari.HikariDataSource       : HikariPool-7 - Shutdown initiated...
2022-07-25 00:40:38.978  INFO 63691 --- [Thread-27] com.zaxxer.hikari.HikariDataSource       : HikariPool-7 - Shutdown completed.
2022-07-25 00:40:39.057  INFO 63691 --- [restartedMain] com.mb.SpringBootECommerceApplication    : Starting SpringBootECommerceApplication using Java 17.0.2 on mindbowser with PID 63691 (/home/mindbowser/Documents/workspace-spring-tool-suite-4-4.14.1.RELEASE/Spring-boot--E-Commerce-Application/target/classes started by mindbowser in /home/mindbowser/Documents/workspace-spring-tool-suite-4-4.14.1.RELEASE/Spring-boot--E-Commerce-Application)
2022-07-25 00:40:39.057  INFO 63691 --- [restartedMain] com.mb.SpringBootECommerceApplication    : No active profile set, falling back to 1 default profile: "default"
2022-07-25 00:40:39.245  INFO 63691 --- [restartedMain] .s.d.r.c.RepositoryConfigurationDelegate : Bootstrapping Spring Data JPA repositories in DEFAULT mode.
2022-07-25 00:40:39.259  INFO 63691 --- [restartedMain] .s.d.r.c.RepositoryConfigurationDelegate : Finished Spring Data repository scanning in 14 ms. Found 3 JPA repository interfaces.
2022-07-25 00:40:39.386  INFO 63691 --- [restartedMain] o.s.b.w.embedded.tomcat.TomcatWebServer  : Tomcat initialized with port(s): 9091 (http)
2022-07-25 00:40:39.387  INFO 63691 --- [restartedMain] o.apache.catalina.core.StandardService   : Starting service [Tomcat]
2022-07-25 00:40:39.387  INFO 63691 --- [restartedMain] org.apache.catalina.core.StandardEngine  : Starting Servlet engine: [Apache Tomcat/9.0.64]
2022-07-25 00:40:39.393  INFO 63691 --- [restartedMain] o.a.c.c.C.[Tomcat].[localhost].[/]       : Initializing Spring embedded WebApplicationContext
2022-07-25 00:40:39.393  INFO 63691 --- [restartedMain] w.s.c.ServletWebServerApplicationContext : Root WebApplicationContext: initialization completed in 334 ms
2022-07-25 00:40:39.487  WARN 63691 --- [restartedMain] JpaBaseConfiguration$JpaWebConfiguration : spring.jpa.open-in-view is enabled by default. Therefore, database queries may be performed during view rendering. Explicitly configure spring.jpa.open-in-view to disable this warning
2022-07-25 00:40:39.555  INFO 63691 --- [restartedMain] com.zaxxer.hikari.HikariDataSource       : HikariPool-8 - Starting...
2022-07-25 00:40:39.558  INFO 63691 --- [restartedMain] com.zaxxer.hikari.HikariDataSource       : HikariPool-8 - Start completed.
2022-07-25 00:40:39.692  INFO 63691 --- [restartedMain] j.LocalContainerEntityManagerFactoryBean : Initialized JPA EntityManagerFactory for persistence unit 'default'
2022-07-25 00:40:40.505  INFO 63691 --- [restartedMain] o.s.s.web.DefaultSecurityFilterChain     : Will secure any request with [org.springframework.security.web.session.DisableEncodeUrlFilter@7ca45600, org.springframework.security.web.context.request.async.WebAsyncManagerIntegrationFilter@4222bf6f, org.springframework.security.web.context.SecurityContextPersistenceFilter@2f4d26c3, org.springframework.security.web.header.HeaderWriterFilter@dd6148d, org.springframework.web.filter.CorsFilter@7f7c7a26, org.springframework.security.web.authentication.logout.LogoutFilter@4bf090b5, com.mb.jwtUtil.AuthTokenFilter@622b2237, org.springframework.security.web.savedrequest.RequestCacheAwareFilter@7d29f4be, org.springframework.security.web.servletapi.SecurityContextHolderAwareRequestFilter@40e6f5ea, org.springframework.security.web.authentication.AnonymousAuthenticationFilter@543afc43, org.springframework.security.web.session.SessionManagementFilter@d980fd8, org.springframework.security.web.access.ExceptionTranslationFilter@187959e5, org.springframework.security.web.access.intercept.FilterSecurityInterceptor@7fca84fe]
2022-07-25 00:40:40.713  INFO 63691 --- [restartedMain] o.s.b.d.a.OptionalLiveReloadServer       : LiveReload server is running on port 35729
2022-07-25 00:40:40.732  INFO 63691 --- [restartedMain] o.s.b.w.embedded.tomcat.TomcatWebServer  : Tomcat started on port(s): 9091 (http) with context path ''
2022-07-25 00:40:40.739  INFO 63691 --- [restartedMain] com.mb.SpringBootECommerceApplication    : Started SpringBootECommerceApplication in 1.708 seconds (JVM running for 2014.498)
2022-07-25 00:40:40.741  INFO 63691 --- [restartedMain] .ConditionEvaluationDeltaLoggingListener : Condition evaluation unchanged
2022-07-25 00:41:58.221  INFO 63691 --- [Thread-31] j.LocalContainerEntityManagerFactoryBean : Closing JPA EntityManagerFactory for persistence unit 'default'
2022-07-25 00:41:58.222  INFO 63691 --- [Thread-31] com.zaxxer.hikari.HikariDataSource       : HikariPool-8 - Shutdown initiated...
2022-07-25 00:41:58.223  INFO 63691 --- [Thread-31] com.zaxxer.hikari.HikariDataSource       : HikariPool-8 - Shutdown completed.
2022-07-25 00:41:58.297  INFO 63691 --- [restartedMain] com.mb.SpringBootECommerceApplication    : Starting SpringBootECommerceApplication using Java 17.0.2 on mindbowser with PID 63691 (/home/mindbowser/Documents/workspace-spring-tool-suite-4-4.14.1.RELEASE/Spring-boot--E-Commerce-Application/target/classes started by mindbowser in /home/mindbowser/Documents/workspace-spring-tool-suite-4-4.14.1.RELEASE/Spring-boot--E-Commerce-Application)
2022-07-25 00:41:58.297  INFO 63691 --- [restartedMain] com.mb.SpringBootECommerceApplication    : No active profile set, falling back to 1 default profile: "default"
2022-07-25 00:41:58.460  INFO 63691 --- [restartedMain] .s.d.r.c.RepositoryConfigurationDelegate : Bootstrapping Spring Data JPA repositories in DEFAULT mode.
2022-07-25 00:41:58.471  INFO 63691 --- [restartedMain] .s.d.r.c.RepositoryConfigurationDelegate : Finished Spring Data repository scanning in 11 ms. Found 3 JPA repository interfaces.
2022-07-25 00:41:58.595  INFO 63691 --- [restartedMain] o.s.b.w.embedded.tomcat.TomcatWebServer  : Tomcat initialized with port(s): 9091 (http)
2022-07-25 00:41:58.596  INFO 63691 --- [restartedMain] o.apache.catalina.core.StandardService   : Starting service [Tomcat]
2022-07-25 00:41:58.597  INFO 63691 --- [restartedMain] org.apache.catalina.core.StandardEngine  : Starting Servlet engine: [Apache Tomcat/9.0.64]
2022-07-25 00:41:58.606  INFO 63691 --- [restartedMain] o.a.c.c.C.[Tomcat].[localhost].[/]       : Initializing Spring embedded WebApplicationContext
2022-07-25 00:41:58.607  INFO 63691 --- [restartedMain] w.s.c.ServletWebServerApplicationContext : Root WebApplicationContext: initialization completed in 308 ms
2022-07-25 00:41:58.675  WARN 63691 --- [restartedMain] JpaBaseConfiguration$JpaWebConfiguration : spring.jpa.open-in-view is enabled by default. Therefore, database queries may be performed during view rendering. Explicitly configure spring.jpa.open-in-view to disable this warning
2022-07-25 00:41:58.733  INFO 63691 --- [restartedMain] com.zaxxer.hikari.HikariDataSource       : HikariPool-9 - Starting...
2022-07-25 00:41:58.738  INFO 63691 --- [restartedMain] com.zaxxer.hikari.HikariDataSource       : HikariPool-9 - Start completed.
2022-07-25 00:41:58.830  INFO 63691 --- [restartedMain] j.LocalContainerEntityManagerFactoryBean : Initialized JPA EntityManagerFactory for persistence unit 'default'
2022-07-25 00:41:59.566  INFO 63691 --- [restartedMain] o.s.s.web.DefaultSecurityFilterChain     : Will secure any request with [org.springframework.security.web.session.DisableEncodeUrlFilter@7a5d04a1, org.springframework.security.web.context.request.async.WebAsyncManagerIntegrationFilter@65c558b1, org.springframework.security.web.context.SecurityContextPersistenceFilter@56219d50, org.springframework.security.web.header.HeaderWriterFilter@2d43d9d6, org.springframework.web.filter.CorsFilter@27a91d2, org.springframework.security.web.authentication.logout.LogoutFilter@1091cc63, com.mb.jwtUtil.AuthTokenFilter@1dde8f28, org.springframework.security.web.savedrequest.RequestCacheAwareFilter@1e6db154, org.springframework.security.web.servletapi.SecurityContextHolderAwareRequestFilter@2d535626, org.springframework.security.web.authentication.AnonymousAuthenticationFilter@59c9ec98, org.springframework.security.web.session.SessionManagementFilter@6110c496, org.springframework.security.web.access.ExceptionTranslationFilter@519332e2, org.springframework.security.web.access.intercept.FilterSecurityInterceptor@5fc09510]
2022-07-25 00:41:59.746  INFO 63691 --- [restartedMain] o.s.b.d.a.OptionalLiveReloadServer       : LiveReload server is running on port 35729
2022-07-25 00:41:59.782  INFO 63691 --- [restartedMain] o.s.b.w.embedded.tomcat.TomcatWebServer  : Tomcat started on port(s): 9091 (http) with context path ''
2022-07-25 00:41:59.789  INFO 63691 --- [restartedMain] com.mb.SpringBootECommerceApplication    : Started SpringBootECommerceApplication in 1.511 seconds (JVM running for 2093.548)
2022-07-25 00:41:59.807  INFO 63691 --- [restartedMain] .ConditionEvaluationDeltaLoggingListener : Condition evaluation unchanged
2022-07-25 00:43:51.873  INFO 63691 --- [http-nio-9091-exec-1] o.a.c.c.C.[Tomcat].[localhost].[/]       : Initializing Spring DispatcherServlet 'dispatcherServlet'
2022-07-25 00:43:51.873  INFO 63691 --- [http-nio-9091-exec-1] o.s.web.servlet.DispatcherServlet        : Initializing Servlet 'dispatcherServlet'
2022-07-25 00:43:51.876  INFO 63691 --- [http-nio-9091-exec-1] o.s.web.servlet.DispatcherServlet        : Completed initialization in 3 ms
2022-07-25 00:43:52.136 DEBUG 63691 --- [http-nio-9091-exec-1] org.hibernate.SQL                        : select user0_.id as id1_3_, user0_.created_by as created_2_3_, user0_.created_date as created_3_3_, user0_.last_modified_by as last_mod4_3_, user0_.last_modified_date as last_mod5_3_, user0_.email as email6_3_, user0_.mobile_no as mobile_n7_3_, user0_.password as password8_3_, user0_.user_name as user_nam9_3_ from user user0_ where user0_.email=?
2022-07-25 00:43:52.137 TRACE 63691 --- [http-nio-9091-exec-1] o.h.type.descriptor.sql.BasicBinder      : binding parameter [1] as [VARCHAR] - [user1@gmail.com]
2022-07-25 00:43:52.148 DEBUG 63691 --- [http-nio-9091-exec-1] org.hibernate.SQL                        : select roles0_.user_id as user_id1_4_0_, roles0_.role_id as role_id2_4_0_, role1_.id as id1_2_1_, role1_.description as descript2_2_1_, role1_.name as name3_2_1_ from user_role roles0_ inner join role role1_ on roles0_.role_id=role1_.id where roles0_.user_id=?
2022-07-25 00:43:52.149 TRACE 63691 --- [http-nio-9091-exec-1] o.h.type.descriptor.sql.BasicBinder      : binding parameter [1] as [BIGINT] - [1]
2022-07-25 00:44:10.293 DEBUG 63691 --- [http-nio-9091-exec-3] org.hibernate.SQL                        : SELECT * FROM product  WHERE price BETWEEN(?) AND (?)
2022-07-25 00:44:10.294 TRACE 63691 --- [http-nio-9091-exec-3] o.h.type.descriptor.sql.BasicBinder      : binding parameter [1] as [INTEGER] - [63000]
2022-07-25 00:44:10.294 TRACE 63691 --- [http-nio-9091-exec-3] o.h.type.descriptor.sql.BasicBinder      : binding parameter [2] as [INTEGER] - [65000]
2022-07-25 00:59:17.830  INFO 63691 --- [RMI TCP Connection(55)-127.0.0.1] inMXBeanRegistrar$SpringApplicationAdmin : Application shutdown requested.
2022-07-25 00:59:17.854  INFO 63691 --- [RMI TCP Connection(55)-127.0.0.1] j.LocalContainerEntityManagerFactoryBean : Closing JPA EntityManagerFactory for persistence unit 'default'
2022-07-25 00:59:17.857  INFO 63691 --- [RMI TCP Connection(55)-127.0.0.1] com.zaxxer.hikari.HikariDataSource       : HikariPool-9 - Shutdown initiated...
2022-07-25 00:59:17.859  INFO 63691 --- [RMI TCP Connection(55)-127.0.0.1] com.zaxxer.hikari.HikariDataSource       : HikariPool-9 - Shutdown completed.
2022-07-25 12:20:15.929  INFO 7210 --- [restartedMain] com.mb.SpringBootECommerceApplication    : Starting SpringBootECommerceApplication using Java 17.0.2 on mindbowser with PID 7210 (/home/mindbowser/Documents/workspace-spring-tool-suite-4-4.14.1.RELEASE/Spring-boot--E-Commerce-Application/target/classes started by mindbowser in /home/mindbowser/Documents/workspace-spring-tool-suite-4-4.14.1.RELEASE/Spring-boot--E-Commerce-Application)
2022-07-25 12:20:15.934  INFO 7210 --- [restartedMain] com.mb.SpringBootECommerceApplication    : No active profile set, falling back to 1 default profile: "default"
2022-07-25 12:20:15.998  INFO 7210 --- [restartedMain] .e.DevToolsPropertyDefaultsPostProcessor : Devtools property defaults active! Set 'spring.devtools.add-properties' to 'false' to disable
2022-07-25 12:20:15.999  INFO 7210 --- [restartedMain] .e.DevToolsPropertyDefaultsPostProcessor : For additional web related logging consider setting the 'logging.level.web' property to 'DEBUG'
2022-07-25 12:20:16.806  INFO 7210 --- [restartedMain] .s.d.r.c.RepositoryConfigurationDelegate : Bootstrapping Spring Data JPA repositories in DEFAULT mode.
2022-07-25 12:20:16.862  INFO 7210 --- [restartedMain] .s.d.r.c.RepositoryConfigurationDelegate : Finished Spring Data repository scanning in 49 ms. Found 3 JPA repository interfaces.
2022-07-25 12:20:17.540  INFO 7210 --- [restartedMain] o.s.b.w.embedded.tomcat.TomcatWebServer  : Tomcat initialized with port(s): 9091 (http)
2022-07-25 12:20:17.555  INFO 7210 --- [restartedMain] o.apache.catalina.core.StandardService   : Starting service [Tomcat]
2022-07-25 12:20:17.555  INFO 7210 --- [restartedMain] org.apache.catalina.core.StandardEngine  : Starting Servlet engine: [Apache Tomcat/9.0.64]
2022-07-25 12:20:17.635  INFO 7210 --- [restartedMain] o.a.c.c.C.[Tomcat].[localhost].[/]       : Initializing Spring embedded WebApplicationContext
2022-07-25 12:20:17.636  INFO 7210 --- [restartedMain] w.s.c.ServletWebServerApplicationContext : Root WebApplicationContext: initialization completed in 1637 ms
2022-07-25 12:20:17.850  WARN 7210 --- [restartedMain] JpaBaseConfiguration$JpaWebConfiguration : spring.jpa.open-in-view is enabled by default. Therefore, database queries may be performed during view rendering. Explicitly configure spring.jpa.open-in-view to disable this warning
2022-07-25 12:20:18.240  INFO 7210 --- [restartedMain] com.zaxxer.hikari.HikariDataSource       : HikariPool-1 - Starting...
2022-07-25 12:20:18.400  INFO 7210 --- [restartedMain] com.zaxxer.hikari.HikariDataSource       : HikariPool-1 - Start completed.
2022-07-25 12:20:19.209  INFO 7210 --- [restartedMain] j.LocalContainerEntityManagerFactoryBean : Initialized JPA EntityManagerFactory for persistence unit 'default'
2022-07-25 12:20:21.084  INFO 7210 --- [restartedMain] o.s.s.web.DefaultSecurityFilterChain     : Will secure any request with [org.springframework.security.web.session.DisableEncodeUrlFilter@7e885115, org.springframework.security.web.context.request.async.WebAsyncManagerIntegrationFilter@4ff31608, org.springframework.security.web.context.SecurityContextPersistenceFilter@5a2295bb, org.springframework.security.web.header.HeaderWriterFilter@7e3df922, org.springframework.web.filter.CorsFilter@2d9a90b0, org.springframework.security.web.authentication.logout.LogoutFilter@5228673, com.mb.jwtUtil.AuthTokenFilter@7bb1c5f, org.springframework.security.web.savedrequest.RequestCacheAwareFilter@5b6aae3b, org.springframework.security.web.servletapi.SecurityContextHolderAwareRequestFilter@70dc7076, org.springframework.security.web.authentication.AnonymousAuthenticationFilter@1033b658, org.springframework.security.web.session.SessionManagementFilter@1b896db7, org.springframework.security.web.access.ExceptionTranslationFilter@4ff63504, org.springframework.security.web.access.intercept.FilterSecurityInterceptor@498099f2]
2022-07-25 12:20:21.471  INFO 7210 --- [restartedMain] o.s.b.d.a.OptionalLiveReloadServer       : LiveReload server is running on port 35729
2022-07-25 12:20:21.524  INFO 7210 --- [restartedMain] o.s.b.w.embedded.tomcat.TomcatWebServer  : Tomcat started on port(s): 9091 (http) with context path ''
2022-07-25 12:20:21.537  INFO 7210 --- [restartedMain] com.mb.SpringBootECommerceApplication    : Started SpringBootECommerceApplication in 5.968 seconds (JVM running for 6.95)
